2021-05-28 05:49:44 Error: [Cake\Database\Exception] SQLSTATE[42S02]: Base table or view not found: 1146 Table 'rankingapi.shooting_ranking' doesn't exist in C:\Tech Stadium\ts_un_stu_202104.git\Task_nakamura\htdocs\shootingrankingsystemAPI\vendor\cakephp\cakephp\src\Database\Schema\Collection.php on line 131
Stack Trace:
#0 C:\Tech Stadium\ts_un_stu_202104.git\Task_nakamura\htdocs\shootingrankingsystemAPI\vendor\cakephp\cakephp\src\Database\Schema\Collection.php(97): Cake\Database\Schema\Collection->_reflect('Column', 'shooting_rankin...', Array, Object(Cake\Database\Schema\TableSchema))
#1 C:\Tech Stadium\ts_un_stu_202104.git\Task_nakamura\htdocs\shootingrankingsystemAPI\vendor\cakephp\cakephp\src\Database\Schema\CachedCollection.php(63): Cake\Database\Schema\Collection->describe('shooting_rankin...', Array)
#2 C:\Tech Stadium\ts_un_stu_202104.git\Task_nakamura\htdocs\shootingrankingsystemAPI\vendor\cakephp\cakephp\src\ORM\Table.php(555): Cake\Database\Schema\CachedCollection->describe('shooting_rankin...')
#3 C:\Tech Stadium\ts_un_stu_202104.git\Task_nakamura\htdocs\shootingrankingsystemAPI\vendor\cakephp\cakephp\src\ORM\Table.php(680): Cake\ORM\Table->getSchema()
#4 C:\Tech Stadium\ts_un_stu_202104.git\Task_nakamura\htdocs\shootingrankingsystemAPI\vendor\cakephp\bake\src\Shell\Task\ModelTask.php(221): Cake\ORM\Table->getPrimaryKey()
#5 C:\Tech Stadium\ts_un_stu_202104.git\Task_nakamura\htdocs\shootingrankingsystemAPI\vendor\cakephp\bake\src\Shell\Task\ModelTask.php(131): Bake\Shell\Task\ModelTask->getAssociations(Object(Cake\ORM\Table))
#6 C:\Tech Stadium\ts_un_stu_202104.git\Task_nakamura\htdocs\shootingrankingsystemAPI\vendor\cakephp\bake\src\Shell\Task\ModelTask.php(114): Bake\Shell\Task\ModelTask->getTableContext(Object(Cake\ORM\Table), 'shooting_rankin...', 'Shooting-rankin...')
#7 C:\Tech Stadium\ts_un_stu_202104.git\Task_nakamura\htdocs\shootingrankingsystemAPI\vendor\cakephp\bake\src\Shell\Task\ModelTask.php(101): Bake\Shell\Task\ModelTask->bake('Shooting-rankin...')
#8 C:\Tech Stadium\ts_un_stu_202104.git\Task_nakamura\htdocs\shootingrankingsystemAPI\vendor\cakephp\bake\src\Shell\BakeShell.php(279): Bake\Shell\Task\ModelTask->main('Shooting-rankin...')
#9 C:\Tech Stadium\ts_un_stu_202104.git\Task_nakamura\htdocs\shootingrankingsystemAPI\vendor\cakephp\cakephp\src\Collection\CollectionTrait.php(51): Bake\Shell\BakeShell->Bake\Shell\{closure}('Shooting-rankin...', 0)
#10 C:\Tech Stadium\ts_un_stu_202104.git\Task_nakamura\htdocs\shootingrankingsystemAPI\vendor\cakephp\bake\src\Shell\BakeShell.php(280): Cake\Collection\Collection->each(Object(Closure))
#11 C:\Tech Stadium\ts_un_stu_202104.git\Task_nakamura\htdocs\shootingrankingsystemAPI\vendor\cakephp\cakephp\src\Console\Shell.php(518): Bake\Shell\BakeShell->all('shooting-rankin...')
#12 C:\Tech Stadium\ts_un_stu_202104.git\Task_nakamura\htdocs\shootingrankingsystemAPI\vendor\cakephp\cakephp\src\Console\CommandRunner.php(342): Cake\Console\Shell->runCommand(Array, true)
#13 C:\Tech Stadium\ts_un_stu_202104.git\Task_nakamura\htdocs\shootingrankingsystemAPI\vendor\cakephp\cakephp\src\Console\CommandRunner.php(164): Cake\Console\CommandRunner->runShell(Object(Bake\Shell\BakeShell), Array)
#14 C:\Tech Stadium\ts_un_stu_202104.git\Task_nakamura\htdocs\shootingrankingsystemAPI\bin\cake.php(12): Cake\Console\CommandRunner->run(Array)
#15 {main}


2021-05-28 05:50:16 Error: [Cake\Database\Exception] SQLSTATE[42S02]: Base table or view not found: 1146 Table 'rankingapi.shooting_ranking' doesn't exist in C:\Tech Stadium\ts_un_stu_202104.git\Task_nakamura\htdocs\shootingrankingsystemAPI\vendor\cakephp\cakephp\src\Database\Schema\Collection.php on line 131
Stack Trace:
#0 C:\Tech Stadium\ts_un_stu_202104.git\Task_nakamura\htdocs\shootingrankingsystemAPI\vendor\cakephp\cakephp\src\Database\Schema\Collection.php(97): Cake\Database\Schema\Collection->_reflect('Column', 'shooting_rankin...', Array, Object(Cake\Database\Schema\TableSchema))
#1 C:\Tech Stadium\ts_un_stu_202104.git\Task_nakamura\htdocs\shootingrankingsystemAPI\vendor\cakephp\cakephp\src\Database\Schema\CachedCollection.php(63): Cake\Database\Schema\Collection->describe('shooting_rankin...', Array)
#2 C:\Tech Stadium\ts_un_stu_202104.git\Task_nakamura\htdocs\shootingrankingsystemAPI\vendor\cakephp\cakephp\src\ORM\Table.php(555): Cake\Database\Schema\CachedCollection->describe('shooting_rankin...')
#3 C:\Tech Stadium\ts_un_stu_202104.git\Task_nakamura\htdocs\shootingrankingsystemAPI\vendor\cakephp\cakephp\src\ORM\Table.php(680): Cake\ORM\Table->getSchema()
#4 C:\Tech Stadium\ts_un_stu_202104.git\Task_nakamura\htdocs\shootingrankingsystemAPI\vendor\cakephp\bake\src\Shell\Task\ModelTask.php(221): Cake\ORM\Table->getPrimaryKey()
#5 C:\Tech Stadium\ts_un_stu_202104.git\Task_nakamura\htdocs\shootingrankingsystemAPI\vendor\cakephp\bake\src\Shell\Task\ModelTask.php(131): Bake\Shell\Task\ModelTask->getAssociations(Object(Cake\ORM\Table))
#6 C:\Tech Stadium\ts_un_stu_202104.git\Task_nakamura\htdocs\shootingrankingsystemAPI\vendor\cakephp\bake\src\Shell\Task\ModelTask.php(114): Bake\Shell\Task\ModelTask->getTableContext(Object(Cake\ORM\Table), 'shooting_rankin...', 'Shooting-rankin...')
#7 C:\Tech Stadium\ts_un_stu_202104.git\Task_nakamura\htdocs\shootingrankingsystemAPI\vendor\cakephp\bake\src\Shell\Task\ModelTask.php(101): Bake\Shell\Task\ModelTask->bake('Shooting-rankin...')
#8 C:\Tech Stadium\ts_un_stu_202104.git\Task_nakamura\htdocs\shootingrankingsystemAPI\vendor\cakephp\bake\src\Shell\BakeShell.php(279): Bake\Shell\Task\ModelTask->main('Shooting-rankin...')
#9 C:\Tech Stadium\ts_un_stu_202104.git\Task_nakamura\htdocs\shootingrankingsystemAPI\vendor\cakephp\cakephp\src\Collection\CollectionTrait.php(51): Bake\Shell\BakeShell->Bake\Shell\{closure}('Shooting-rankin...', 0)
#10 C:\Tech Stadium\ts_un_stu_202104.git\Task_nakamura\htdocs\shootingrankingsystemAPI\vendor\cakephp\bake\src\Shell\BakeShell.php(280): Cake\Collection\Collection->each(Object(Closure))
#11 C:\Tech Stadium\ts_un_stu_202104.git\Task_nakamura\htdocs\shootingrankingsystemAPI\vendor\cakephp\cakephp\src\Console\Shell.php(518): Bake\Shell\BakeShell->all('shooting-rankin...')
#12 C:\Tech Stadium\ts_un_stu_202104.git\Task_nakamura\htdocs\shootingrankingsystemAPI\vendor\cakephp\cakephp\src\Console\CommandRunner.php(342): Cake\Console\Shell->runCommand(Array, true)
#13 C:\Tech Stadium\ts_un_stu_202104.git\Task_nakamura\htdocs\shootingrankingsystemAPI\vendor\cakephp\cakephp\src\Console\CommandRunner.php(164): Cake\Console\CommandRunner->runShell(Object(Bake\Shell\BakeShell), Array)
#14 C:\Tech Stadium\ts_un_stu_202104.git\Task_nakamura\htdocs\shootingrankingsystemAPI\bin\cake.php(12): Cake\Console\CommandRunner->run(Array)
#15 {main}


2021-05-28 05:51:58 Error: [Cake\Database\Exception] SQLSTATE[42S02]: Base table or view not found: 1146 Table 'rankingapi.shooting_ranking' doesn't exist in C:\Tech Stadium\ts_un_stu_202104.git\Task_nakamura\htdocs\shootingrankingsystemAPI\vendor\cakephp\cakephp\src\Database\Schema\Collection.php on line 131
Stack Trace:
#0 C:\Tech Stadium\ts_un_stu_202104.git\Task_nakamura\htdocs\shootingrankingsystemAPI\vendor\cakephp\cakephp\src\Database\Schema\Collection.php(97): Cake\Database\Schema\Collection->_reflect('Column', 'shooting_rankin...', Array, Object(Cake\Database\Schema\TableSchema))
#1 C:\Tech Stadium\ts_un_stu_202104.git\Task_nakamura\htdocs\shootingrankingsystemAPI\vendor\cakephp\cakephp\src\Database\Schema\CachedCollection.php(63): Cake\Database\Schema\Collection->describe('shooting_rankin...', Array)
#2 C:\Tech Stadium\ts_un_stu_202104.git\Task_nakamura\htdocs\shootingrankingsystemAPI\vendor\cakephp\cakephp\src\ORM\Table.php(555): Cake\Database\Schema\CachedCollection->describe('shooting_rankin...')
#3 C:\Tech Stadium\ts_un_stu_202104.git\Task_nakamura\htdocs\shootingrankingsystemAPI\vendor\cakephp\cakephp\src\ORM\Table.php(680): Cake\ORM\Table->getSchema()
#4 C:\Tech Stadium\ts_un_stu_202104.git\Task_nakamura\htdocs\shootingrankingsystemAPI\vendor\cakephp\bake\src\Shell\Task\ModelTask.php(221): Cake\ORM\Table->getPrimaryKey()
#5 C:\Tech Stadium\ts_un_stu_202104.git\Task_nakamura\htdocs\shootingrankingsystemAPI\vendor\cakephp\bake\src\Shell\Task\ModelTask.php(131): Bake\Shell\Task\ModelTask->getAssociations(Object(Cake\ORM\Table))
#6 C:\Tech Stadium\ts_un_stu_202104.git\Task_nakamura\htdocs\shootingrankingsystemAPI\vendor\cakephp\bake\src\Shell\Task\ModelTask.php(114): Bake\Shell\Task\ModelTask->getTableContext(Object(Cake\ORM\Table), 'shooting_rankin...', 'Shooting-rankin...')
#7 C:\Tech Stadium\ts_un_stu_202104.git\Task_nakamura\htdocs\shootingrankingsystemAPI\vendor\cakephp\bake\src\Shell\Task\ModelTask.php(101): Bake\Shell\Task\ModelTask->bake('Shooting-rankin...')
#8 C:\Tech Stadium\ts_un_stu_202104.git\Task_nakamura\htdocs\shootingrankingsystemAPI\vendor\cakephp\bake\src\Shell\BakeShell.php(279): Bake\Shell\Task\ModelTask->main('Shooting-rankin...')
#9 C:\Tech Stadium\ts_un_stu_202104.git\Task_nakamura\htdocs\shootingrankingsystemAPI\vendor\cakephp\cakephp\src\Collection\CollectionTrait.php(51): Bake\Shell\BakeShell->Bake\Shell\{closure}('Shooting-rankin...', 0)
#10 C:\Tech Stadium\ts_un_stu_202104.git\Task_nakamura\htdocs\shootingrankingsystemAPI\vendor\cakephp\bake\src\Shell\BakeShell.php(280): Cake\Collection\Collection->each(Object(Closure))
#11 C:\Tech Stadium\ts_un_stu_202104.git\Task_nakamura\htdocs\shootingrankingsystemAPI\vendor\cakephp\cakephp\src\Console\Shell.php(518): Bake\Shell\BakeShell->all('shooting-rankin...')
#12 C:\Tech Stadium\ts_un_stu_202104.git\Task_nakamura\htdocs\shootingrankingsystemAPI\vendor\cakephp\cakephp\src\Console\CommandRunner.php(342): Cake\Console\Shell->runCommand(Array, true)
#13 C:\Tech Stadium\ts_un_stu_202104.git\Task_nakamura\htdocs\shootingrankingsystemAPI\vendor\cakephp\cakephp\src\Console\CommandRunner.php(164): Cake\Console\CommandRunner->runShell(Object(Bake\Shell\BakeShell), Array)
#14 C:\Tech Stadium\ts_un_stu_202104.git\Task_nakamura\htdocs\shootingrankingsystemAPI\bin\cake.php(12): Cake\Console\CommandRunner->run(Array)
#15 {main}


2021-05-28 05:55:45 Error: [Cake\Database\Exception] SQLSTATE[42S02]: Base table or view not found: 1146 Table 'rankingapi.shooting_ranking' doesn't exist in C:\Tech Stadium\ts_un_stu_202104.git\Task_nakamura\htdocs\shootingrankingsystemAPI\vendor\cakephp\cakephp\src\Database\Schema\Collection.php on line 131
Stack Trace:
#0 C:\Tech Stadium\ts_un_stu_202104.git\Task_nakamura\htdocs\shootingrankingsystemAPI\vendor\cakephp\cakephp\src\Database\Schema\Collection.php(97): Cake\Database\Schema\Collection->_reflect('Column', 'shooting_rankin...', Array, Object(Cake\Database\Schema\TableSchema))
#1 C:\Tech Stadium\ts_un_stu_202104.git\Task_nakamura\htdocs\shootingrankingsystemAPI\vendor\cakephp\cakephp\src\Database\Schema\CachedCollection.php(63): Cake\Database\Schema\Collection->describe('shooting_rankin...', Array)
#2 C:\Tech Stadium\ts_un_stu_202104.git\Task_nakamura\htdocs\shootingrankingsystemAPI\vendor\cakephp\cakephp\src\ORM\Table.php(555): Cake\Database\Schema\CachedCollection->describe('shooting_rankin...')
#3 C:\Tech Stadium\ts_un_stu_202104.git\Task_nakamura\htdocs\shootingrankingsystemAPI\vendor\cakephp\cakephp\src\ORM\Table.php(680): Cake\ORM\Table->getSchema()
#4 C:\Tech Stadium\ts_un_stu_202104.git\Task_nakamura\htdocs\shootingrankingsystemAPI\vendor\cakephp\bake\src\Shell\Task\ModelTask.php(221): Cake\ORM\Table->getPrimaryKey()
#5 C:\Tech Stadium\ts_un_stu_202104.git\Task_nakamura\htdocs\shootingrankingsystemAPI\vendor\cakephp\bake\src\Shell\Task\ModelTask.php(131): Bake\Shell\Task\ModelTask->getAssociations(Object(Cake\ORM\Table))
#6 C:\Tech Stadium\ts_un_stu_202104.git\Task_nakamura\htdocs\shootingrankingsystemAPI\vendor\cakephp\bake\src\Shell\Task\ModelTask.php(114): Bake\Shell\Task\ModelTask->getTableContext(Object(Cake\ORM\Table), 'shooting_rankin...', 'Shooting-rankin...')
#7 C:\Tech Stadium\ts_un_stu_202104.git\Task_nakamura\htdocs\shootingrankingsystemAPI\vendor\cakephp\bake\src\Shell\Task\ModelTask.php(101): Bake\Shell\Task\ModelTask->bake('Shooting-rankin...')
#8 C:\Tech Stadium\ts_un_stu_202104.git\Task_nakamura\htdocs\shootingrankingsystemAPI\vendor\cakephp\bake\src\Shell\BakeShell.php(279): Bake\Shell\Task\ModelTask->main('Shooting-rankin...')
#9 C:\Tech Stadium\ts_un_stu_202104.git\Task_nakamura\htdocs\shootingrankingsystemAPI\vendor\cakephp\cakephp\src\Collection\CollectionTrait.php(51): Bake\Shell\BakeShell->Bake\Shell\{closure}('Shooting-rankin...', 0)
#10 C:\Tech Stadium\ts_un_stu_202104.git\Task_nakamura\htdocs\shootingrankingsystemAPI\vendor\cakephp\bake\src\Shell\BakeShell.php(280): Cake\Collection\Collection->each(Object(Closure))
#11 C:\Tech Stadium\ts_un_stu_202104.git\Task_nakamura\htdocs\shootingrankingsystemAPI\vendor\cakephp\cakephp\src\Console\Shell.php(518): Bake\Shell\BakeShell->all('shooting-rankin...')
#12 C:\Tech Stadium\ts_un_stu_202104.git\Task_nakamura\htdocs\shootingrankingsystemAPI\vendor\cakephp\cakephp\src\Console\CommandRunner.php(342): Cake\Console\Shell->runCommand(Array, true)
#13 C:\Tech Stadium\ts_un_stu_202104.git\Task_nakamura\htdocs\shootingrankingsystemAPI\vendor\cakephp\cakephp\src\Console\CommandRunner.php(164): Cake\Console\CommandRunner->runShell(Object(Bake\Shell\BakeShell), Array)
#14 C:\Tech Stadium\ts_un_stu_202104.git\Task_nakamura\htdocs\shootingrankingsystemAPI\bin\cake.php(12): Cake\Console\CommandRunner->run(Array)
#15 {main}


2021-05-28 05:56:17 Error: [Cake\Database\Exception] SQLSTATE[42S02]: Base table or view not found: 1146 Table 'rankingapi.shooting_ranking' doesn't exist in C:\Tech Stadium\ts_un_stu_202104.git\Task_nakamura\htdocs\shootingrankingsystemAPI\vendor\cakephp\cakephp\src\Database\Schema\Collection.php on line 131
Stack Trace:
#0 C:\Tech Stadium\ts_un_stu_202104.git\Task_nakamura\htdocs\shootingrankingsystemAPI\vendor\cakephp\cakephp\src\Database\Schema\Collection.php(97): Cake\Database\Schema\Collection->_reflect('Column', 'shooting_rankin...', Array, Object(Cake\Database\Schema\TableSchema))
#1 C:\Tech Stadium\ts_un_stu_202104.git\Task_nakamura\htdocs\shootingrankingsystemAPI\vendor\cakephp\cakephp\src\Database\Schema\CachedCollection.php(63): Cake\Database\Schema\Collection->describe('shooting_rankin...', Array)
#2 C:\Tech Stadium\ts_un_stu_202104.git\Task_nakamura\htdocs\shootingrankingsystemAPI\vendor\cakephp\cakephp\src\ORM\Table.php(555): Cake\Database\Schema\CachedCollection->describe('shooting_rankin...')
#3 C:\Tech Stadium\ts_un_stu_202104.git\Task_nakamura\htdocs\shootingrankingsystemAPI\vendor\cakephp\cakephp\src\ORM\Table.php(680): Cake\ORM\Table->getSchema()
#4 C:\Tech Stadium\ts_un_stu_202104.git\Task_nakamura\htdocs\shootingrankingsystemAPI\vendor\cakephp\bake\src\Shell\Task\ModelTask.php(221): Cake\ORM\Table->getPrimaryKey()
#5 C:\Tech Stadium\ts_un_stu_202104.git\Task_nakamura\htdocs\shootingrankingsystemAPI\vendor\cakephp\bake\src\Shell\Task\ModelTask.php(131): Bake\Shell\Task\ModelTask->getAssociations(Object(Cake\ORM\Table))
#6 C:\Tech Stadium\ts_un_stu_202104.git\Task_nakamura\htdocs\shootingrankingsystemAPI\vendor\cakephp\bake\src\Shell\Task\ModelTask.php(114): Bake\Shell\Task\ModelTask->getTableContext(Object(Cake\ORM\Table), 'shooting_rankin...', 'Shooting-rankin...')
#7 C:\Tech Stadium\ts_un_stu_202104.git\Task_nakamura\htdocs\shootingrankingsystemAPI\vendor\cakephp\bake\src\Shell\Task\ModelTask.php(101): Bake\Shell\Task\ModelTask->bake('Shooting-rankin...')
#8 C:\Tech Stadium\ts_un_stu_202104.git\Task_nakamura\htdocs\shootingrankingsystemAPI\vendor\cakephp\bake\src\Shell\BakeShell.php(279): Bake\Shell\Task\ModelTask->main('Shooting-rankin...')
#9 C:\Tech Stadium\ts_un_stu_202104.git\Task_nakamura\htdocs\shootingrankingsystemAPI\vendor\cakephp\cakephp\src\Collection\CollectionTrait.php(51): Bake\Shell\BakeShell->Bake\Shell\{closure}('Shooting-rankin...', 0)
#10 C:\Tech Stadium\ts_un_stu_202104.git\Task_nakamura\htdocs\shootingrankingsystemAPI\vendor\cakephp\bake\src\Shell\BakeShell.php(280): Cake\Collection\Collection->each(Object(Closure))
#11 C:\Tech Stadium\ts_un_stu_202104.git\Task_nakamura\htdocs\shootingrankingsystemAPI\vendor\cakephp\cakephp\src\Console\Shell.php(518): Bake\Shell\BakeShell->all('shooting-rankin...')
#12 C:\Tech Stadium\ts_un_stu_202104.git\Task_nakamura\htdocs\shootingrankingsystemAPI\vendor\cakephp\cakephp\src\Console\CommandRunner.php(342): Cake\Console\Shell->runCommand(Array, true)
#13 C:\Tech Stadium\ts_un_stu_202104.git\Task_nakamura\htdocs\shootingrankingsystemAPI\vendor\cakephp\cakephp\src\Console\CommandRunner.php(164): Cake\Console\CommandRunner->runShell(Object(Bake\Shell\BakeShell), Array)
#14 C:\Tech Stadium\ts_un_stu_202104.git\Task_nakamura\htdocs\shootingrankingsystemAPI\bin\cake.php(12): Cake\Console\CommandRunner->run(Array)
#15 {main}


2021-05-28 05:57:23 Error: [Cake\Database\Exception] SQLSTATE[42S02]: Base table or view not found: 1146 Table 'rankingapi.shooting_ranking' doesn't exist in C:\Tech Stadium\ts_un_stu_202104.git\Task_nakamura\htdocs\shootingrankingsystemAPI\vendor\cakephp\cakephp\src\Database\Schema\Collection.php on line 131
Stack Trace:
#0 C:\Tech Stadium\ts_un_stu_202104.git\Task_nakamura\htdocs\shootingrankingsystemAPI\vendor\cakephp\cakephp\src\Database\Schema\Collection.php(97): Cake\Database\Schema\Collection->_reflect('Column', 'shooting_rankin...', Array, Object(Cake\Database\Schema\TableSchema))
#1 C:\Tech Stadium\ts_un_stu_202104.git\Task_nakamura\htdocs\shootingrankingsystemAPI\vendor\cakephp\cakephp\src\Database\Schema\CachedCollection.php(63): Cake\Database\Schema\Collection->describe('shooting_rankin...', Array)
#2 C:\Tech Stadium\ts_un_stu_202104.git\Task_nakamura\htdocs\shootingrankingsystemAPI\vendor\cakephp\cakephp\src\ORM\Table.php(555): Cake\Database\Schema\CachedCollection->describe('shooting_rankin...')
#3 C:\Tech Stadium\ts_un_stu_202104.git\Task_nakamura\htdocs\shootingrankingsystemAPI\vendor\cakephp\cakephp\src\ORM\Table.php(680): Cake\ORM\Table->getSchema()
#4 C:\Tech Stadium\ts_un_stu_202104.git\Task_nakamura\htdocs\shootingrankingsystemAPI\vendor\cakephp\bake\src\Shell\Task\ModelTask.php(221): Cake\ORM\Table->getPrimaryKey()
#5 C:\Tech Stadium\ts_un_stu_202104.git\Task_nakamura\htdocs\shootingrankingsystemAPI\vendor\cakephp\bake\src\Shell\Task\ModelTask.php(131): Bake\Shell\Task\ModelTask->getAssociations(Object(Cake\ORM\Table))
#6 C:\Tech Stadium\ts_un_stu_202104.git\Task_nakamura\htdocs\shootingrankingsystemAPI\vendor\cakephp\bake\src\Shell\Task\ModelTask.php(114): Bake\Shell\Task\ModelTask->getTableContext(Object(Cake\ORM\Table), 'shooting_rankin...', 'Shooting-rankin...')
#7 C:\Tech Stadium\ts_un_stu_202104.git\Task_nakamura\htdocs\shootingrankingsystemAPI\vendor\cakephp\bake\src\Shell\Task\ModelTask.php(101): Bake\Shell\Task\ModelTask->bake('Shooting-rankin...')
#8 C:\Tech Stadium\ts_un_stu_202104.git\Task_nakamura\htdocs\shootingrankingsystemAPI\vendor\cakephp\bake\src\Shell\BakeShell.php(279): Bake\Shell\Task\ModelTask->main('Shooting-rankin...')
#9 C:\Tech Stadium\ts_un_stu_202104.git\Task_nakamura\htdocs\shootingrankingsystemAPI\vendor\cakephp\cakephp\src\Collection\CollectionTrait.php(51): Bake\Shell\BakeShell->Bake\Shell\{closure}('Shooting-rankin...', 0)
#10 C:\Tech Stadium\ts_un_stu_202104.git\Task_nakamura\htdocs\shootingrankingsystemAPI\vendor\cakephp\bake\src\Shell\BakeShell.php(280): Cake\Collection\Collection->each(Object(Closure))
#11 C:\Tech Stadium\ts_un_stu_202104.git\Task_nakamura\htdocs\shootingrankingsystemAPI\vendor\cakephp\cakephp\src\Console\Shell.php(518): Bake\Shell\BakeShell->all('shooting-rankin...')
#12 C:\Tech Stadium\ts_un_stu_202104.git\Task_nakamura\htdocs\shootingrankingsystemAPI\vendor\cakephp\cakephp\src\Console\CommandRunner.php(342): Cake\Console\Shell->runCommand(Array, true)
#13 C:\Tech Stadium\ts_un_stu_202104.git\Task_nakamura\htdocs\shootingrankingsystemAPI\vendor\cakephp\cakephp\src\Console\CommandRunner.php(164): Cake\Console\CommandRunner->runShell(Object(Bake\Shell\BakeShell), Array)
#14 C:\Tech Stadium\ts_un_stu_202104.git\Task_nakamura\htdocs\shootingrankingsystemAPI\bin\cake.php(12): Cake\Console\CommandRunner->run(Array)
#15 {main}


2021-05-28 05:58:18 Error: [Cake\Database\Exception] SQLSTATE[42S02]: Base table or view not found: 1146 Table 'rankingapi.shooting_ranking' doesn't exist in C:\Tech Stadium\ts_un_stu_202104.git\Task_nakamura\htdocs\shootingrankingsystemAPI\vendor\cakephp\cakephp\src\Database\Schema\Collection.php on line 131
Stack Trace:
#0 C:\Tech Stadium\ts_un_stu_202104.git\Task_nakamura\htdocs\shootingrankingsystemAPI\vendor\cakephp\cakephp\src\Database\Schema\Collection.php(97): Cake\Database\Schema\Collection->_reflect('Column', 'shooting_rankin...', Array, Object(Cake\Database\Schema\TableSchema))
#1 C:\Tech Stadium\ts_un_stu_202104.git\Task_nakamura\htdocs\shootingrankingsystemAPI\vendor\cakephp\cakephp\src\Database\Schema\CachedCollection.php(63): Cake\Database\Schema\Collection->describe('shooting_rankin...', Array)
#2 C:\Tech Stadium\ts_un_stu_202104.git\Task_nakamura\htdocs\shootingrankingsystemAPI\vendor\cakephp\cakephp\src\ORM\Table.php(555): Cake\Database\Schema\CachedCollection->describe('shooting_rankin...')
#3 C:\Tech Stadium\ts_un_stu_202104.git\Task_nakamura\htdocs\shootingrankingsystemAPI\vendor\cakephp\cakephp\src\ORM\Table.php(680): Cake\ORM\Table->getSchema()
#4 C:\Tech Stadium\ts_un_stu_202104.git\Task_nakamura\htdocs\shootingrankingsystemAPI\vendor\cakephp\bake\src\Shell\Task\ModelTask.php(221): Cake\ORM\Table->getPrimaryKey()
#5 C:\Tech Stadium\ts_un_stu_202104.git\Task_nakamura\htdocs\shootingrankingsystemAPI\vendor\cakephp\bake\src\Shell\Task\ModelTask.php(131): Bake\Shell\Task\ModelTask->getAssociations(Object(Cake\ORM\Table))
#6 C:\Tech Stadium\ts_un_stu_202104.git\Task_nakamura\htdocs\shootingrankingsystemAPI\vendor\cakephp\bake\src\Shell\Task\ModelTask.php(114): Bake\Shell\Task\ModelTask->getTableContext(Object(Cake\ORM\Table), 'shooting_rankin...', 'Shooting-rankin...')
#7 C:\Tech Stadium\ts_un_stu_202104.git\Task_nakamura\htdocs\shootingrankingsystemAPI\vendor\cakephp\bake\src\Shell\Task\ModelTask.php(101): Bake\Shell\Task\ModelTask->bake('Shooting-rankin...')
#8 C:\Tech Stadium\ts_un_stu_202104.git\Task_nakamura\htdocs\shootingrankingsystemAPI\vendor\cakephp\bake\src\Shell\BakeShell.php(279): Bake\Shell\Task\ModelTask->main('Shooting-rankin...')
#9 C:\Tech Stadium\ts_un_stu_202104.git\Task_nakamura\htdocs\shootingrankingsystemAPI\vendor\cakephp\cakephp\src\Collection\CollectionTrait.php(51): Bake\Shell\BakeShell->Bake\Shell\{closure}('Shooting-rankin...', 0)
#10 C:\Tech Stadium\ts_un_stu_202104.git\Task_nakamura\htdocs\shootingrankingsystemAPI\vendor\cakephp\bake\src\Shell\BakeShell.php(280): Cake\Collection\Collection->each(Object(Closure))
#11 C:\Tech Stadium\ts_un_stu_202104.git\Task_nakamura\htdocs\shootingrankingsystemAPI\vendor\cakephp\cakephp\src\Console\Shell.php(518): Bake\Shell\BakeShell->all('shooting-rankin...')
#12 C:\Tech Stadium\ts_un_stu_202104.git\Task_nakamura\htdocs\shootingrankingsystemAPI\vendor\cakephp\cakephp\src\Console\CommandRunner.php(342): Cake\Console\Shell->runCommand(Array, true)
#13 C:\Tech Stadium\ts_un_stu_202104.git\Task_nakamura\htdocs\shootingrankingsystemAPI\vendor\cakephp\cakephp\src\Console\CommandRunner.php(164): Cake\Console\CommandRunner->runShell(Object(Bake\Shell\BakeShell), Array)
#14 C:\Tech Stadium\ts_un_stu_202104.git\Task_nakamura\htdocs\shootingrankingsystemAPI\bin\cake.php(12): Cake\Console\CommandRunner->run(Array)
#15 {main}


2021-05-28 06:00:02 Error: [Cake\Database\Exception] SQLSTATE[42S02]: Base table or view not found: 1146 Table 'rankingapi.shooting_ranking' doesn't exist in C:\Tech Stadium\ts_un_stu_202104.git\Task_nakamura\htdocs\shootingrankingsystemAPI\vendor\cakephp\cakephp\src\Database\Schema\Collection.php on line 131
Stack Trace:
#0 C:\Tech Stadium\ts_un_stu_202104.git\Task_nakamura\htdocs\shootingrankingsystemAPI\vendor\cakephp\cakephp\src\Database\Schema\Collection.php(97): Cake\Database\Schema\Collection->_reflect('Column', 'shooting_rankin...', Array, Object(Cake\Database\Schema\TableSchema))
#1 C:\Tech Stadium\ts_un_stu_202104.git\Task_nakamura\htdocs\shootingrankingsystemAPI\vendor\cakephp\cakephp\src\Database\Schema\CachedCollection.php(63): Cake\Database\Schema\Collection->describe('shooting_rankin...', Array)
#2 C:\Tech Stadium\ts_un_stu_202104.git\Task_nakamura\htdocs\shootingrankingsystemAPI\vendor\cakephp\cakephp\src\ORM\Table.php(555): Cake\Database\Schema\CachedCollection->describe('shooting_rankin...')
#3 C:\Tech Stadium\ts_un_stu_202104.git\Task_nakamura\htdocs\shootingrankingsystemAPI\vendor\cakephp\cakephp\src\ORM\Table.php(680): Cake\ORM\Table->getSchema()
#4 C:\Tech Stadium\ts_un_stu_202104.git\Task_nakamura\htdocs\shootingrankingsystemAPI\vendor\cakephp\bake\src\Shell\Task\ModelTask.php(221): Cake\ORM\Table->getPrimaryKey()
#5 C:\Tech Stadium\ts_un_stu_202104.git\Task_nakamura\htdocs\shootingrankingsystemAPI\vendor\cakephp\bake\src\Shell\Task\ModelTask.php(131): Bake\Shell\Task\ModelTask->getAssociations(Object(Cake\ORM\Table))
#6 C:\Tech Stadium\ts_un_stu_202104.git\Task_nakamura\htdocs\shootingrankingsystemAPI\vendor\cakephp\bake\src\Shell\Task\ModelTask.php(114): Bake\Shell\Task\ModelTask->getTableContext(Object(Cake\ORM\Table), 'shooting_rankin...', 'Shooting-rankin...')
#7 C:\Tech Stadium\ts_un_stu_202104.git\Task_nakamura\htdocs\shootingrankingsystemAPI\vendor\cakephp\bake\src\Shell\Task\ModelTask.php(101): Bake\Shell\Task\ModelTask->bake('Shooting-rankin...')
#8 C:\Tech Stadium\ts_un_stu_202104.git\Task_nakamura\htdocs\shootingrankingsystemAPI\vendor\cakephp\bake\src\Shell\BakeShell.php(279): Bake\Shell\Task\ModelTask->main('Shooting-rankin...')
#9 C:\Tech Stadium\ts_un_stu_202104.git\Task_nakamura\htdocs\shootingrankingsystemAPI\vendor\cakephp\cakephp\src\Collection\CollectionTrait.php(51): Bake\Shell\BakeShell->Bake\Shell\{closure}('Shooting-rankin...', 0)
#10 C:\Tech Stadium\ts_un_stu_202104.git\Task_nakamura\htdocs\shootingrankingsystemAPI\vendor\cakephp\bake\src\Shell\BakeShell.php(280): Cake\Collection\Collection->each(Object(Closure))
#11 C:\Tech Stadium\ts_un_stu_202104.git\Task_nakamura\htdocs\shootingrankingsystemAPI\vendor\cakephp\cakephp\src\Console\Shell.php(518): Bake\Shell\BakeShell->all('shooting-rankin...')
#12 C:\Tech Stadium\ts_un_stu_202104.git\Task_nakamura\htdocs\shootingrankingsystemAPI\vendor\cakephp\cakephp\src\Console\CommandRunner.php(342): Cake\Console\Shell->runCommand(Array, true)
#13 C:\Tech Stadium\ts_un_stu_202104.git\Task_nakamura\htdocs\shootingrankingsystemAPI\vendor\cakephp\cakephp\src\Console\CommandRunner.php(164): Cake\Console\CommandRunner->runShell(Object(Bake\Shell\BakeShell), Array)
#14 C:\Tech Stadium\ts_un_stu_202104.git\Task_nakamura\htdocs\shootingrankingsystemAPI\bin\cake.php(12): Cake\Console\CommandRunner->run(Array)
#15 {main}


2021-05-28 06:01:44 Error: [PDOException] SQLSTATE[HY000] [1045] Access denied for user 'root'@'localhost' (using password: YES) in C:\Tech Stadium\ts_un_stu_202104.git\Task_nakamura\htdocs\shootingrankingsystemAPI\vendor\cakephp\cakephp\src\Database\Driver.php on line 92
Stack Trace:
#0 C:\Tech Stadium\ts_un_stu_202104.git\Task_nakamura\htdocs\shootingrankingsystemAPI\vendor\cakephp\cakephp\src\Database\Driver.php(92): PDO->__construct('mysql:host=loca...', 'root', ' ', Array)
#1 C:\Tech Stadium\ts_un_stu_202104.git\Task_nakamura\htdocs\shootingrankingsystemAPI\vendor\cakephp\cakephp\src\Database\Driver\Mysql.php(106): Cake\Database\Driver->_connect('mysql:host=loca...', Array)
#2 C:\Tech Stadium\ts_un_stu_202104.git\Task_nakamura\htdocs\shootingrankingsystemAPI\vendor\cakephp\cakephp\src\Database\Schema\BaseSchema.php(45): Cake\Database\Driver\Mysql->connect()
#3 C:\Tech Stadium\ts_un_stu_202104.git\Task_nakamura\htdocs\shootingrankingsystemAPI\vendor\cakephp\cakephp\src\Database\Dialect\MysqlDialectTrait.php(63): Cake\Database\Schema\BaseSchema->__construct(Object(Cake\Database\Driver\Mysql))
#4 C:\Tech Stadium\ts_un_stu_202104.git\Task_nakamura\htdocs\shootingrankingsystemAPI\vendor\cakephp\cakephp\src\Database\Schema\Collection.php(52): Cake\Database\Driver\Mysql->schemaDialect()
#5 C:\Tech Stadium\ts_un_stu_202104.git\Task_nakamura\htdocs\shootingrankingsystemAPI\vendor\cakephp\cakephp\src\Database\Schema\CachedCollection.php(42): Cake\Database\Schema\Collection->__construct(Object(Cake\Database\Connection))
#6 C:\Tech Stadium\ts_un_stu_202104.git\Task_nakamura\htdocs\shootingrankingsystemAPI\vendor\cakephp\cakephp\src\Database\Connection.php(391): Cake\Database\Schema\CachedCollection->__construct(Object(Cake\Database\Connection), true)
#7 C:\Tech Stadium\ts_un_stu_202104.git\Task_nakamura\htdocs\shootingrankingsystemAPI\vendor\cakephp\bake\src\Shell\Task\ModelTask.php(1052): Cake\Database\Connection->getSchemaCollection()
#8 C:\Tech Stadium\ts_un_stu_202104.git\Task_nakamura\htdocs\shootingrankingsystemAPI\vendor\cakephp\bake\src\Shell\Task\ModelTask.php(1006): Bake\Shell\Task\ModelTask->_getAllTables()
#9 C:\Tech Stadium\ts_un_stu_202104.git\Task_nakamura\htdocs\shootingrankingsystemAPI\vendor\cakephp\bake\src\Shell\Task\ModelTask.php(213): Bake\Shell\Task\ModelTask->listAll()
#10 C:\Tech Stadium\ts_un_stu_202104.git\Task_nakamura\htdocs\shootingrankingsystemAPI\vendor\cakephp\bake\src\Shell\Task\ModelTask.php(131): Bake\Shell\Task\ModelTask->getAssociations(Object(Cake\ORM\Table))
#11 C:\Tech Stadium\ts_un_stu_202104.git\Task_nakamura\htdocs\shootingrankingsystemAPI\vendor\cakephp\bake\src\Shell\Task\ModelTask.php(114): Bake\Shell\Task\ModelTask->getTableContext(Object(Cake\ORM\Table), 'shooting_rankin...', 'Shooting-rankin...')
#12 C:\Tech Stadium\ts_un_stu_202104.git\Task_nakamura\htdocs\shootingrankingsystemAPI\vendor\cakephp\bake\src\Shell\Task\ModelTask.php(101): Bake\Shell\Task\ModelTask->bake('Shooting-rankin...')
#13 C:\Tech Stadium\ts_un_stu_202104.git\Task_nakamura\htdocs\shootingrankingsystemAPI\vendor\cakephp\bake\src\Shell\BakeShell.php(279): Bake\Shell\Task\ModelTask->main('Shooting-rankin...')
#14 C:\Tech Stadium\ts_un_stu_202104.git\Task_nakamura\htdocs\shootingrankingsystemAPI\vendor\cakephp\cakephp\src\Collection\CollectionTrait.php(51): Bake\Shell\BakeShell->Bake\Shell\{closure}('Shooting-rankin...', 0)
#15 C:\Tech Stadium\ts_un_stu_202104.git\Task_nakamura\htdocs\shootingrankingsystemAPI\vendor\cakephp\bake\src\Shell\BakeShell.php(280): Cake\Collection\Collection->each(Object(Closure))
#16 C:\Tech Stadium\ts_un_stu_202104.git\Task_nakamura\htdocs\shootingrankingsystemAPI\vendor\cakephp\cakephp\src\Console\Shell.php(518): Bake\Shell\BakeShell->all('shooting-rankin...')
#17 C:\Tech Stadium\ts_un_stu_202104.git\Task_nakamura\htdocs\shootingrankingsystemAPI\vendor\cakephp\cakephp\src\Console\CommandRunner.php(342): Cake\Console\Shell->runCommand(Array, true)
#18 C:\Tech Stadium\ts_un_stu_202104.git\Task_nakamura\htdocs\shootingrankingsystemAPI\vendor\cakephp\cakephp\src\Console\CommandRunner.php(164): Cake\Console\CommandRunner->runShell(Object(Bake\Shell\BakeShell), Array)
#19 C:\Tech Stadium\ts_un_stu_202104.git\Task_nakamura\htdocs\shootingrankingsystemAPI\bin\cake.php(12): Cake\Console\CommandRunner->run(Array)
#20 {main}


2021-05-28 06:01:58 Error: [Cake\Database\Exception] SQLSTATE[42S02]: Base table or view not found: 1146 Table 'rankingapi.shooting_ranking' doesn't exist in C:\Tech Stadium\ts_un_stu_202104.git\Task_nakamura\htdocs\shootingrankingsystemAPI\vendor\cakephp\cakephp\src\Database\Schema\Collection.php on line 131
Stack Trace:
#0 C:\Tech Stadium\ts_un_stu_202104.git\Task_nakamura\htdocs\shootingrankingsystemAPI\vendor\cakephp\cakephp\src\Database\Schema\Collection.php(97): Cake\Database\Schema\Collection->_reflect('Column', 'shooting_rankin...', Array, Object(Cake\Database\Schema\TableSchema))
#1 C:\Tech Stadium\ts_un_stu_202104.git\Task_nakamura\htdocs\shootingrankingsystemAPI\vendor\cakephp\cakephp\src\Database\Schema\CachedCollection.php(63): Cake\Database\Schema\Collection->describe('shooting_rankin...', Array)
#2 C:\Tech Stadium\ts_un_stu_202104.git\Task_nakamura\htdocs\shootingrankingsystemAPI\vendor\cakephp\cakephp\src\ORM\Table.php(555): Cake\Database\Schema\CachedCollection->describe('shooting_rankin...')
#3 C:\Tech Stadium\ts_un_stu_202104.git\Task_nakamura\htdocs\shootingrankingsystemAPI\vendor\cakephp\cakephp\src\ORM\Table.php(680): Cake\ORM\Table->getSchema()
#4 C:\Tech Stadium\ts_un_stu_202104.git\Task_nakamura\htdocs\shootingrankingsystemAPI\vendor\cakephp\bake\src\Shell\Task\ModelTask.php(221): Cake\ORM\Table->getPrimaryKey()
#5 C:\Tech Stadium\ts_un_stu_202104.git\Task_nakamura\htdocs\shootingrankingsystemAPI\vendor\cakephp\bake\src\Shell\Task\ModelTask.php(131): Bake\Shell\Task\ModelTask->getAssociations(Object(Cake\ORM\Table))
#6 C:\Tech Stadium\ts_un_stu_202104.git\Task_nakamura\htdocs\shootingrankingsystemAPI\vendor\cakephp\bake\src\Shell\Task\ModelTask.php(114): Bake\Shell\Task\ModelTask->getTableContext(Object(Cake\ORM\Table), 'shooting_rankin...', 'Shooting-rankin...')
#7 C:\Tech Stadium\ts_un_stu_202104.git\Task_nakamura\htdocs\shootingrankingsystemAPI\vendor\cakephp\bake\src\Shell\Task\ModelTask.php(101): Bake\Shell\Task\ModelTask->bake('Shooting-rankin...')
#8 C:\Tech Stadium\ts_un_stu_202104.git\Task_nakamura\htdocs\shootingrankingsystemAPI\vendor\cakephp\bake\src\Shell\BakeShell.php(279): Bake\Shell\Task\ModelTask->main('Shooting-rankin...')
#9 C:\Tech Stadium\ts_un_stu_202104.git\Task_nakamura\htdocs\shootingrankingsystemAPI\vendor\cakephp\cakephp\src\Collection\CollectionTrait.php(51): Bake\Shell\BakeShell->Bake\Shell\{closure}('Shooting-rankin...', 0)
#10 C:\Tech Stadium\ts_un_stu_202104.git\Task_nakamura\htdocs\shootingrankingsystemAPI\vendor\cakephp\bake\src\Shell\BakeShell.php(280): Cake\Collection\Collection->each(Object(Closure))
#11 C:\Tech Stadium\ts_un_stu_202104.git\Task_nakamura\htdocs\shootingrankingsystemAPI\vendor\cakephp\cakephp\src\Console\Shell.php(518): Bake\Shell\BakeShell->all('shooting-rankin...')
#12 C:\Tech Stadium\ts_un_stu_202104.git\Task_nakamura\htdocs\shootingrankingsystemAPI\vendor\cakephp\cakephp\src\Console\CommandRunner.php(342): Cake\Console\Shell->runCommand(Array, true)
#13 C:\Tech Stadium\ts_un_stu_202104.git\Task_nakamura\htdocs\shootingrankingsystemAPI\vendor\cakephp\cakephp\src\Console\CommandRunner.php(164): Cake\Console\CommandRunner->runShell(Object(Bake\Shell\BakeShell), Array)
#14 C:\Tech Stadium\ts_un_stu_202104.git\Task_nakamura\htdocs\shootingrankingsystemAPI\bin\cake.php(12): Cake\Console\CommandRunner->run(Array)
#15 {main}


2021-05-28 06:02:04 Error: [Cake\Database\Exception] SQLSTATE[42S02]: Base table or view not found: 1146 Table 'rankingapi.shooting_ranking' doesn't exist in C:\Tech Stadium\ts_un_stu_202104.git\Task_nakamura\htdocs\shootingrankingsystemAPI\vendor\cakephp\cakephp\src\Database\Schema\Collection.php on line 131
Stack Trace:
#0 C:\Tech Stadium\ts_un_stu_202104.git\Task_nakamura\htdocs\shootingrankingsystemAPI\vendor\cakephp\cakephp\src\Database\Schema\Collection.php(97): Cake\Database\Schema\Collection->_reflect('Column', 'shooting_rankin...', Array, Object(Cake\Database\Schema\TableSchema))
#1 C:\Tech Stadium\ts_un_stu_202104.git\Task_nakamura\htdocs\shootingrankingsystemAPI\vendor\cakephp\cakephp\src\Database\Schema\CachedCollection.php(63): Cake\Database\Schema\Collection->describe('shooting_rankin...', Array)
#2 C:\Tech Stadium\ts_un_stu_202104.git\Task_nakamura\htdocs\shootingrankingsystemAPI\vendor\cakephp\cakephp\src\ORM\Table.php(555): Cake\Database\Schema\CachedCollection->describe('shooting_rankin...')
#3 C:\Tech Stadium\ts_un_stu_202104.git\Task_nakamura\htdocs\shootingrankingsystemAPI\vendor\cakephp\cakephp\src\ORM\Table.php(680): Cake\ORM\Table->getSchema()
#4 C:\Tech Stadium\ts_un_stu_202104.git\Task_nakamura\htdocs\shootingrankingsystemAPI\vendor\cakephp\bake\src\Shell\Task\ModelTask.php(221): Cake\ORM\Table->getPrimaryKey()
#5 C:\Tech Stadium\ts_un_stu_202104.git\Task_nakamura\htdocs\shootingrankingsystemAPI\vendor\cakephp\bake\src\Shell\Task\ModelTask.php(131): Bake\Shell\Task\ModelTask->getAssociations(Object(Cake\ORM\Table))
#6 C:\Tech Stadium\ts_un_stu_202104.git\Task_nakamura\htdocs\shootingrankingsystemAPI\vendor\cakephp\bake\src\Shell\Task\ModelTask.php(114): Bake\Shell\Task\ModelTask->getTableContext(Object(Cake\ORM\Table), 'shooting_rankin...', 'Shooting-rankin...')
#7 C:\Tech Stadium\ts_un_stu_202104.git\Task_nakamura\htdocs\shootingrankingsystemAPI\vendor\cakephp\bake\src\Shell\Task\ModelTask.php(101): Bake\Shell\Task\ModelTask->bake('Shooting-rankin...')
#8 C:\Tech Stadium\ts_un_stu_202104.git\Task_nakamura\htdocs\shootingrankingsystemAPI\vendor\cakephp\bake\src\Shell\BakeShell.php(279): Bake\Shell\Task\ModelTask->main('Shooting-rankin...')
#9 C:\Tech Stadium\ts_un_stu_202104.git\Task_nakamura\htdocs\shootingrankingsystemAPI\vendor\cakephp\cakephp\src\Collection\CollectionTrait.php(51): Bake\Shell\BakeShell->Bake\Shell\{closure}('Shooting-rankin...', 0)
#10 C:\Tech Stadium\ts_un_stu_202104.git\Task_nakamura\htdocs\shootingrankingsystemAPI\vendor\cakephp\bake\src\Shell\BakeShell.php(280): Cake\Collection\Collection->each(Object(Closure))
#11 C:\Tech Stadium\ts_un_stu_202104.git\Task_nakamura\htdocs\shootingrankingsystemAPI\vendor\cakephp\cakephp\src\Console\Shell.php(518): Bake\Shell\BakeShell->all('shooting-rankin...')
#12 C:\Tech Stadium\ts_un_stu_202104.git\Task_nakamura\htdocs\shootingrankingsystemAPI\vendor\cakephp\cakephp\src\Console\CommandRunner.php(342): Cake\Console\Shell->runCommand(Array, true)
#13 C:\Tech Stadium\ts_un_stu_202104.git\Task_nakamura\htdocs\shootingrankingsystemAPI\vendor\cakephp\cakephp\src\Console\CommandRunner.php(164): Cake\Console\CommandRunner->runShell(Object(Bake\Shell\BakeShell), Array)
#14 C:\Tech Stadium\ts_un_stu_202104.git\Task_nakamura\htdocs\shootingrankingsystemAPI\bin\cake.php(12): Cake\Console\CommandRunner->run(Array)
#15 {main}


2021-05-28 06:03:26 Error: [Cake\Database\Exception] SQLSTATE[42S02]: Base table or view not found: 1146 Table 'rankingapi.shooting_ranking' doesn't exist in C:\Tech Stadium\ts_un_stu_202104.git\Task_nakamura\htdocs\shootingrankingsystemAPI\vendor\cakephp\cakephp\src\Database\Schema\Collection.php on line 131
Stack Trace:
#0 C:\Tech Stadium\ts_un_stu_202104.git\Task_nakamura\htdocs\shootingrankingsystemAPI\vendor\cakephp\cakephp\src\Database\Schema\Collection.php(97): Cake\Database\Schema\Collection->_reflect('Column', 'shooting_rankin...', Array, Object(Cake\Database\Schema\TableSchema))
#1 C:\Tech Stadium\ts_un_stu_202104.git\Task_nakamura\htdocs\shootingrankingsystemAPI\vendor\cakephp\cakephp\src\Database\Schema\CachedCollection.php(63): Cake\Database\Schema\Collection->describe('shooting_rankin...', Array)
#2 C:\Tech Stadium\ts_un_stu_202104.git\Task_nakamura\htdocs\shootingrankingsystemAPI\vendor\cakephp\cakephp\src\ORM\Table.php(555): Cake\Database\Schema\CachedCollection->describe('shooting_rankin...')
#3 C:\Tech Stadium\ts_un_stu_202104.git\Task_nakamura\htdocs\shootingrankingsystemAPI\vendor\cakephp\cakephp\src\ORM\Table.php(680): Cake\ORM\Table->getSchema()
#4 C:\Tech Stadium\ts_un_stu_202104.git\Task_nakamura\htdocs\shootingrankingsystemAPI\vendor\cakephp\bake\src\Shell\Task\ModelTask.php(221): Cake\ORM\Table->getPrimaryKey()
#5 C:\Tech Stadium\ts_un_stu_202104.git\Task_nakamura\htdocs\shootingrankingsystemAPI\vendor\cakephp\bake\src\Shell\Task\ModelTask.php(131): Bake\Shell\Task\ModelTask->getAssociations(Object(Cake\ORM\Table))
#6 C:\Tech Stadium\ts_un_stu_202104.git\Task_nakamura\htdocs\shootingrankingsystemAPI\vendor\cakephp\bake\src\Shell\Task\ModelTask.php(114): Bake\Shell\Task\ModelTask->getTableContext(Object(Cake\ORM\Table), 'shooting_rankin...', 'Shooting-rankin...')
#7 C:\Tech Stadium\ts_un_stu_202104.git\Task_nakamura\htdocs\shootingrankingsystemAPI\vendor\cakephp\bake\src\Shell\Task\ModelTask.php(101): Bake\Shell\Task\ModelTask->bake('Shooting-rankin...')
#8 C:\Tech Stadium\ts_un_stu_202104.git\Task_nakamura\htdocs\shootingrankingsystemAPI\vendor\cakephp\bake\src\Shell\BakeShell.php(279): Bake\Shell\Task\ModelTask->main('Shooting-rankin...')
#9 C:\Tech Stadium\ts_un_stu_202104.git\Task_nakamura\htdocs\shootingrankingsystemAPI\vendor\cakephp\cakephp\src\Collection\CollectionTrait.php(51): Bake\Shell\BakeShell->Bake\Shell\{closure}('Shooting-rankin...', 0)
#10 C:\Tech Stadium\ts_un_stu_202104.git\Task_nakamura\htdocs\shootingrankingsystemAPI\vendor\cakephp\bake\src\Shell\BakeShell.php(280): Cake\Collection\Collection->each(Object(Closure))
#11 C:\Tech Stadium\ts_un_stu_202104.git\Task_nakamura\htdocs\shootingrankingsystemAPI\vendor\cakephp\cakephp\src\Console\Shell.php(518): Bake\Shell\BakeShell->all('shooting-rankin...')
#12 C:\Tech Stadium\ts_un_stu_202104.git\Task_nakamura\htdocs\shootingrankingsystemAPI\vendor\cakephp\cakephp\src\Console\CommandRunner.php(342): Cake\Console\Shell->runCommand(Array, true)
#13 C:\Tech Stadium\ts_un_stu_202104.git\Task_nakamura\htdocs\shootingrankingsystemAPI\vendor\cakephp\cakephp\src\Console\CommandRunner.php(164): Cake\Console\CommandRunner->runShell(Object(Bake\Shell\BakeShell), Array)
#14 C:\Tech Stadium\ts_un_stu_202104.git\Task_nakamura\htdocs\shootingrankingsystemAPI\bin\cake.php(12): Cake\Console\CommandRunner->run(Array)
#15 {main}


2021-05-28 06:05:12 Error: [Cake\Database\Exception] SQLSTATE[42S02]: Base table or view not found: 1146 Table 'rankingapi.shooting_ranking' doesn't exist in C:\Tech Stadium\ts_un_stu_202104.git\Task_nakamura\htdocs\shootingrankingsystemAPI\vendor\cakephp\cakephp\src\Database\Schema\Collection.php on line 131
Stack Trace:
#0 C:\Tech Stadium\ts_un_stu_202104.git\Task_nakamura\htdocs\shootingrankingsystemAPI\vendor\cakephp\cakephp\src\Database\Schema\Collection.php(97): Cake\Database\Schema\Collection->_reflect('Column', 'shooting_rankin...', Array, Object(Cake\Database\Schema\TableSchema))
#1 C:\Tech Stadium\ts_un_stu_202104.git\Task_nakamura\htdocs\shootingrankingsystemAPI\vendor\cakephp\cakephp\src\Database\Schema\CachedCollection.php(63): Cake\Database\Schema\Collection->describe('shooting_rankin...', Array)
#2 C:\Tech Stadium\ts_un_stu_202104.git\Task_nakamura\htdocs\shootingrankingsystemAPI\vendor\cakephp\cakephp\src\ORM\Table.php(555): Cake\Database\Schema\CachedCollection->describe('shooting_rankin...')
#3 C:\Tech Stadium\ts_un_stu_202104.git\Task_nakamura\htdocs\shootingrankingsystemAPI\vendor\cakephp\cakephp\src\ORM\Table.php(680): Cake\ORM\Table->getSchema()
#4 C:\Tech Stadium\ts_un_stu_202104.git\Task_nakamura\htdocs\shootingrankingsystemAPI\vendor\cakephp\bake\src\Shell\Task\ModelTask.php(221): Cake\ORM\Table->getPrimaryKey()
#5 C:\Tech Stadium\ts_un_stu_202104.git\Task_nakamura\htdocs\shootingrankingsystemAPI\vendor\cakephp\bake\src\Shell\Task\ModelTask.php(131): Bake\Shell\Task\ModelTask->getAssociations(Object(Cake\ORM\Table))
#6 C:\Tech Stadium\ts_un_stu_202104.git\Task_nakamura\htdocs\shootingrankingsystemAPI\vendor\cakephp\bake\src\Shell\Task\ModelTask.php(114): Bake\Shell\Task\ModelTask->getTableContext(Object(Cake\ORM\Table), 'shooting_rankin...', 'Shooting-rankin...')
#7 C:\Tech Stadium\ts_un_stu_202104.git\Task_nakamura\htdocs\shootingrankingsystemAPI\vendor\cakephp\bake\src\Shell\Task\ModelTask.php(101): Bake\Shell\Task\ModelTask->bake('Shooting-rankin...')
#8 C:\Tech Stadium\ts_un_stu_202104.git\Task_nakamura\htdocs\shootingrankingsystemAPI\vendor\cakephp\bake\src\Shell\BakeShell.php(279): Bake\Shell\Task\ModelTask->main('Shooting-rankin...')
#9 C:\Tech Stadium\ts_un_stu_202104.git\Task_nakamura\htdocs\shootingrankingsystemAPI\vendor\cakephp\cakephp\src\Collection\CollectionTrait.php(51): Bake\Shell\BakeShell->Bake\Shell\{closure}('Shooting-rankin...', 0)
#10 C:\Tech Stadium\ts_un_stu_202104.git\Task_nakamura\htdocs\shootingrankingsystemAPI\vendor\cakephp\bake\src\Shell\BakeShell.php(280): Cake\Collection\Collection->each(Object(Closure))
#11 C:\Tech Stadium\ts_un_stu_202104.git\Task_nakamura\htdocs\shootingrankingsystemAPI\vendor\cakephp\cakephp\src\Console\Shell.php(518): Bake\Shell\BakeShell->all('shooting-rankin...')
#12 C:\Tech Stadium\ts_un_stu_202104.git\Task_nakamura\htdocs\shootingrankingsystemAPI\vendor\cakephp\cakephp\src\Console\CommandRunner.php(342): Cake\Console\Shell->runCommand(Array, true)
#13 C:\Tech Stadium\ts_un_stu_202104.git\Task_nakamura\htdocs\shootingrankingsystemAPI\vendor\cakephp\cakephp\src\Console\CommandRunner.php(164): Cake\Console\CommandRunner->runShell(Object(Bake\Shell\BakeShell), Array)
#14 C:\Tech Stadium\ts_un_stu_202104.git\Task_nakamura\htdocs\shootingrankingsystemAPI\bin\cake.php(12): Cake\Console\CommandRunner->run(Array)
#15 {main}


